<?xml version="1.0" encoding="UTF-8"?>
<!-- Generated by org.testng.reporters.JUnitReportReporter -->
<testsuite hostname="DESKTOP-6O75AJE" failures="0" tests="3" name="pkgTestScripts.ExporterTest" time="23.268" errors="0" timestamp="2024-03-19T15:51:57 IST" skipped="2">
  <testcase classname="pkgTestScripts.ExporterTest" name="managexpoprofile" time="23.268"/>
  <testcase classname="pkgTestScripts.ExporterTest" name="verifyexporegister">
    <skipped/>
  </testcase> <!-- verifyexporegister -->
  <testcase classname="pkgTestScripts.ExporterTest" name="registerExporter">
    <skipped/>
  </testcase> <!-- registerExporter -->
</testsuite> <!-- pkgTestScripts.ExporterTest -->
